[    0.000000] Initializing cgroup subsys cpuset
[    0.000000] Initializing cgroup subsys cpu
[    0.000000] Initializing cgroup subsys cpuacct
[    0.000000] Linux version 4.4.0-210-generic (buildd@lgw01-amd64-009) (gcc version 5.4.0 20160609 (Ubuntu 5.4.0-6ubuntu1~16.04.12) ) #242-Ubuntu SMP Fri Apr 16 09:57:56 UTC 2021 (Ubuntu 4.4.0-210.242-generic 4.4.262)
[    0.000000] Command line: BOOT_IMAGE=/boot/vmlinuz-4.4.0-210-generic root=LABEL=cloudimg-rootfs ro console=tty1 console=ttyS0
[    0.000000] KERNEL supported cpus:
[    0.000000]   Intel GenuineIntel
[    0.000000]   AMD AuthenticAMD
[    0.000000]   Centaur CentaurHauls
[    0.000000] [Firmware Bug]: TSC doesn't count with P0 frequency!
[    0.000000] x86/fpu: xstate_offset[2]:  576, xstate_sizes[2]:  256
[    0.000000] x86/fpu: Supporting XSAVE feature 0x01: 'x87 floating point registers'
[    0.000000] x86/fpu: Supporting XSAVE feature 0x02: 'SSE registers'
[    0.000000] x86/fpu: Supporting XSAVE feature 0x04: 'AVX registers'
[    0.000000] x86/fpu: Enabled xstate features 0x7, context size is 832 bytes, using 'standard' format.
[    0.000000] e820: BIOS-provided physical RAM map:
[    0.000000] BIOS-e820: [mem 0x0000000000000000-0x000000000009fbff] usable
[    0.000000] BIOS-e820: [mem 0x000000000009fc00-0x000000000009ffff] reserved
[    0.000000] BIOS-e820: [mem 0x00000000000f0000-0x00000000000fffff] reserved
[    0.000000] BIOS-e820: [mem 0x0000000000100000-0x000000003ffeffff] usable
[    0.000000] BIOS-e820: [mem 0x000000003fff0000-0x000000003fffffff] ACPI data
[    0.000000] BIOS-e820: [mem 0x00000000fec00000-0x00000000fec00fff] reserved
[    0.000000] BIOS-e820: [mem 0x00000000fee00000-0x00000000fee00fff] reserved
[    0.000000] BIOS-e820: [mem 0x00000000fffc0000-0x00000000ffffffff] reserved
[    0.000000] NX (Execute Disable) protection: active
[    0.000000] SMBIOS 2.5 present.
[    0.000000] Hypervisor detected: KVM
[    0.000000] Kernel/User page tables isolation: disabled
[    0.000000] e820: last_pfn = 0x3fff0 max_arch_pfn = 0x400000000
[    0.000000] MTRR: Disabled
[    0.000000] x86/PAT: MTRRs disabled, skipping PAT initialization too.
[    0.000000] CPU MTRRs all blank - virtualized system.
[    0.000000] x86/PAT: Configuration [0-7]: WB  WT  UC- UC  WB  WT  UC- UC  
[    0.000000] found SMP MP-table at [mem 0x0009fff0-0x0009ffff] mapped at [ffff88000009fff0]
[    0.000000] Scanning 1 areas for low memory corruption
[    0.000000] RAMDISK: [mem 0x362dc000-0x37165fff]
[    0.000000] ACPI: Early table checksum verification disabled
[    0.000000] ACPI: RSDP 0x00000000000E0000 000024 (v02 VBOX  )
[    0.000000] ACPI: XSDT 0x000000003FFF0030 00003C (v01 VBOX   VBOXXSDT 00000001 ASL  00000061)
[    0.000000] ACPI: FACP 0x000000003FFF00F0 0000F4 (v04 VBOX   VBOXFACP 00000001 ASL  00000061)
[    0.000000] ACPI: DSDT 0x000000003FFF0470 002325 (v02 VBOX   VBOXBIOS 00000002 INTL 20100528)
[    0.000000] ACPI: FACS 0x000000003FFF0200 000040
[    0.000000] ACPI: FACS 0x000000003FFF0200 000040
[    0.000000] ACPI: APIC 0x000000003FFF0240 00005C (v02 VBOX   VBOXAPIC 00000001 ASL  00000061)
[    0.000000] ACPI: SSDT 0x000000003FFF02A0 0001CC (v01 VBOX   VBOXCPUT 00000002 INTL 20100528)
[    0.000000] No NUMA configuration found
[    0.000000] Faking a node at [mem 0x0000000000000000-0x000000003ffeffff]
[    0.000000] NODE_DATA(0) allocated [mem 0x3ffeb000-0x3ffeffff]
[    0.000000] kvm-clock: Using msrs 4b564d01 and 4b564d00
[    0.000000] kvm-clock: cpu 0, msr 0:3ffe3001, primary cpu clock
[    0.000000] kvm-clock: using sched offset of 2923599262 cycles
[    0.000000] clocksource: kvm-clock: mask: 0xffffffffffffffff max_cycles: 0x1cd42e4dffb, max_idle_ns: 881590591483 ns
[    0.000000] Zone ranges:
[    0.000000]   DMA      [mem 0x0000000000001000-0x0000000000ffffff]
[    0.000000]   DMA32    [mem 0x0000000001000000-0x000000003ffeffff]
[    0.000000]   Normal   empty
[    0.000000]   Device   empty
[    0.000000] Movable zone start for each node
[    0.000000] Early memory node ranges
[    0.000000]   node   0: [mem 0x0000000000001000-0x000000000009efff]
[    0.000000]   node   0: [mem 0x0000000000100000-0x000000003ffeffff]
[    0.000000] Initmem setup node 0 [mem 0x0000000000001000-0x000000003ffeffff]
[    0.000000] ACPI: PM-Timer IO Port: 0x4008
[    0.000000] IOAPIC[0]: apic_id 2, version 32, address 0xfec00000, GSI 0-23
[    0.000000] ACPI: INT_SRC_OVR (bus 0 bus_irq 0 global_irq 2 dfl dfl)
[    0.000000] ACPI: INT_SRC_OVR (bus 0 bus_irq 9 global_irq 9 low level)
[    0.000000] Using ACPI (MADT) for SMP configuration information
[    0.000000] smpboot: Allowing 2 CPUs, 0 hotplug CPUs
[    0.000000] PM: Registered nosave memory: [mem 0x00000000-0x00000fff]
[    0.000000] PM: Registered nosave memory: [mem 0x0009f000-0x0009ffff]
[    0.000000] PM: Registered nosave memory: [mem 0x000a0000-0x000effff]
[    0.000000] PM: Registered nosave memory: [mem 0x000f0000-0x000fffff]
[    0.000000] e820: [mem 0x40000000-0xfebfffff] available for PCI devices
[    0.000000] Booting paravirtualized kernel on KVM
[    0.000000] clocksource: refined-jiffies: mask: 0xffffffff max_cycles: 0xffffffff, max_idle_ns: 7645519600211568 ns
[    0.000000] setup_percpu: NR_CPUS:512 nr_cpumask_bits:512 nr_cpu_ids:2 nr_node_ids:1
[    0.000000] PERCPU: Embedded 33 pages/cpu @ffff88003fc00000 s95192 r8192 d31784 u1048576
[    0.000000] Built 1 zonelists in Node order, mobility grouping on.  Total pages: 257912
[    0.000000] Policy zone: DMA32
[    0.000000] Kernel command line: BOOT_IMAGE=/boot/vmlinuz-4.4.0-210-generic root=LABEL=cloudimg-rootfs ro console=tty1 console=ttyS0
[    0.000000] PID hash table entries: 4096 (order: 3, 32768 bytes)
[    0.000000] Memory: 997792K/1048120K available (8644K kernel code, 1332K rwdata, 4044K rodata, 1492K init, 1164K bss, 50328K reserved, 0K cma-reserved)
[    0.000000] SLUB: HWalign=64, Order=0-3, MinObjects=0, CPUs=2, Nodes=1
[    0.000000] Hierarchical RCU implementation.
[    0.000000] 	Build-time adjustment of leaf fanout to 64.
[    0.000000] 	RCU restricting CPUs from NR_CPUS=512 to nr_cpu_ids=2.
[    0.000000] RCU: Adjusting geometry for rcu_fanout_leaf=64, nr_cpu_ids=2
[    0.000000] NR_IRQS:33024 nr_irqs:440 16
[    0.000000] Console: colour VGA+ 80x25
[    0.000000] console [tty1] enabled
[    0.000000] console [ttyS0] enabled
[    0.000000] tsc: Detected 3700.002 MHz processor
[    0.073527] Calibrating delay loop (skipped) preset value.. 7400.00 BogoMIPS (lpj=14800008)
[    0.074409] pid_max: default: 32768 minimum: 301
[    0.074926] ACPI: Core revision 20150930
[    0.075855] ACPI: 2 ACPI AML tables successfully acquired and loaded
[    0.076565] Security Framework initialized
[    0.076999] Yama: becoming mindful.
[    0.077387] AppArmor: AppArmor initialized
[    0.077877] Dentry cache hash table entries: 131072 (order: 8, 1048576 bytes)
[    0.078603] Inode-cache hash table entries: 65536 (order: 7, 524288 bytes)
[    0.079497] Mount-cache hash table entries: 2048 (order: 2, 16384 bytes)
[    0.080128] Mountpoint-cache hash table entries: 2048 (order: 2, 16384 bytes)
[    0.080860] Initializing cgroup subsys io
[    0.081290] Initializing cgroup subsys memory
[    0.081768] Initializing cgroup subsys devices
[    0.082550] Initializing cgroup subsys freezer
[    0.083023] Initializing cgroup subsys net_cls
[    0.083486] Initializing cgroup subsys perf_event
[    0.083966] Initializing cgroup subsys net_prio
[    0.084487] Initializing cgroup subsys hugetlb
[    0.085012] Initializing cgroup subsys pids
[    0.087420] mce: CPU supports 0 MCE banks
[    0.087964] Last level iTLB entries: 4KB 512, 2MB 512, 4MB 256
[    0.088540] Last level dTLB entries: 4KB 2048, 2MB 2048, 4MB 1024, 1GB 0
[    0.089163] Spectre V1 : Mitigation: usercopy/swapgs barriers and __user pointer sanitization
[    0.090316] Spectre V2 : Spectre mitigation: LFENCE not serializing, switching to generic retpoline
[    0.091261] Spectre V2 : Mitigation: Full generic retpoline
[    0.091819] Spectre V2 : Spectre v2 / SpectreRSB mitigation: Filling RSB on context switch
[    0.093171] Speculative Store Bypass: Vulnerable
[    0.096205] Freeing SMP alternatives memory: 36K
[    0.100810] ftrace: allocating 32380 entries in 127 pages
[    0.153515] smpboot: APIC(0) Converting physical 0 to logical package 0
[    0.154172] smpboot: Max logical packages: 1
[    0.154899] x2apic enabled
[    0.155362] Switched APIC routing to physical x2apic.
[    0.156544] ..TIMER: vector=0x30 apic1=0 pin1=2 apic2=-1 pin2=-1
[    0.265188] smpboot: CPU0: AMD Ryzen 5 5600X 6-Core Processor (family: 0x19, model: 0x21, stepping: 0x0)
[    0.266302] Performance Events: Broken PMU hardware detected, using software events only.
[    0.267202] Failed to access perfctr msr (MSR c0010007 is 0)
[    0.272387] KVM setup paravirtual spinlock
[    0.273332] x86: Booting SMP configuration:
[    0.273781] .... node  #0, CPUs:      #1
[    0.274559] kvm-clock: cpu 1, msr 0:3ffe3041, secondary cpu clock
[    0.275183] mce: CPU supports 0 MCE banks
[    0.277483] x86: Booted up 1 node, 2 CPUs
[    0.278020] smpboot: Total of 2 processors activated (14800.00 BogoMIPS)
[    0.278913] devtmpfs: initialized
[    0.280097] evm: security.selinux
[    0.280493] evm: security.SMACK64
[    0.280868] evm: security.SMACK64EXEC
[    0.281293] evm: security.SMACK64TRANSMUTE
[    0.281738] evm: security.SMACK64MMAP
[    0.282139] evm: security.ima
[    0.282490] evm: security.capability
[    0.283234] clocksource: jiffies: mask: 0xffffffff max_cycles: 0xffffffff, max_idle_ns: 7645041785100000 ns
[    0.284330] futex hash table entries: 512 (order: 3, 32768 bytes)
[    0.284972] pinctrl core: initialized pinctrl subsystem
[    0.285553] RTC time: 16:32:24, date: 01/31/22
[    0.286102] NET: Registered protocol family 16
[    0.297361] cpuidle: using governor ladder
[    0.310073] cpuidle: using governor menu
[    0.310592] PCCT header not found.
[    0.311219] ACPI: bus type PCI registered
[    0.311761] acpiphp: ACPI Hot Plug PCI Controller Driver version: 0.5
[    0.312435] PCI: Using configuration type 1 for base access
[    0.312986] PCI: Using configuration type 1 for extended access
[    0.327104] ACPI: Added _OSI(Module Device)
[    0.327654] ACPI: Added _OSI(Processor Device)
[    0.328115] ACPI: Added _OSI(3.0 _SCP Extensions)
[    0.328566] ACPI: Added _OSI(Processor Aggregator Device)
[    0.329447] ACPI: Executed 1 blocks of module-level executable AML code
[    0.330985] ACPI: Interpreter enabled
[    0.331393] ACPI: (supports S0 S5)
[    0.331789] ACPI: Using IOAPIC for interrupt routing
[    0.332364] PCI: Using host bridge windows from ACPI; if necessary, use "pci=nocrs" and report a bug
[    0.335137] ACPI: PCI Root Bridge [PCI0] (domain 0000 [bus 00-ff])
[    0.335733] acpi PNP0A03:00: _OSC: OS supports [ExtendedConfig ASPM ClockPM Segments MSI]
[    0.336847] acpi PNP0A03:00: _OSC: platform does not support [PCIeCapability]
[    0.337638] acpi PNP0A03:00: _OSC: not requesting control; platform does not support [PCIeCapability]
[    0.339003] acpi PNP0A03:00: _OSC: OS requested [PCIeHotplug PME AER PCIeCapability]
[    0.339839] acpi PNP0A03:00: _OSC: platform willing to grant [PCIeHotplug PME AER]
[    0.340636] acpi PNP0A03:00: _OSC failed (AE_SUPPORT); disabling ASPM
[    0.341429] PCI host bridge to bus 0000:00
[    0.342023] pci_bus 0000:00: root bus resource [io  0x0000-0x0cf7 window]
[    0.342867] pci_bus 0000:00: root bus resource [io  0x0d00-0xffff window]
[    0.348966] pci_bus 0000:00: root bus resource [mem 0x000a0000-0x000bffff window]
[    0.349860] pci_bus 0000:00: root bus resource [mem 0x40000000-0xfdffffff window]
[    0.350668] pci_bus 0000:00: root bus resource [bus 00-ff]
[    0.352132] pci 0000:00:01.1: legacy IDE quirk: reg 0x10: [io  0x01f0-0x01f7]
[    0.352796] pci 0000:00:01.1: legacy IDE quirk: reg 0x14: [io  0x03f6]
[    0.353408] pci 0000:00:01.1: legacy IDE quirk: reg 0x18: [io  0x0170-0x0177]
[    0.354080] pci 0000:00:01.1: legacy IDE quirk: reg 0x1c: [io  0x0376]
[    0.359373] pci 0000:00:07.0: quirk: [io  0x4000-0x403f] claimed by PIIX4 ACPI
[    0.360158] pci 0000:00:07.0: quirk: [io  0x4100-0x410f] claimed by PIIX4 SMB
[    0.363708] ACPI: PCI Interrupt Link [LNKA] (IRQs 5 9 10 *11)
[    0.364612] ACPI: PCI Interrupt Link [LNKB] (IRQs 5 9 *10 11)
[    0.365439] ACPI: PCI Interrupt Link [LNKC] (IRQs 5 *9 10 11)
[    0.366259] ACPI: PCI Interrupt Link [LNKD] (IRQs 5 9 10 *11)
[    0.367123] ACPI: Enabled 2 GPEs in block 00 to 07
[    0.367801] vgaarb: setting as boot device: PCI:0000:00:02.0
[    0.368358] vgaarb: device added: PCI:0000:00:02.0,decodes=io+mem,owns=io+mem,locks=none
[    0.369190] vgaarb: loaded
[    0.369523] vgaarb: bridge control possible 0000:00:02.0
[    0.370171] SCSI subsystem initialized
[    0.370688] ACPI: bus type USB registered
[    0.371258] usbcore: registered new interface driver usbfs
[    0.371888] usbcore: registered new interface driver hub
[    0.372427] usbcore: registered new device driver usb
[    0.373088] PCI: Using ACPI for IRQ routing
[    0.373690] NetLabel: Initializing
[    0.374083] NetLabel:  domain hash size = 128
[    0.374549] NetLabel:  protocols = UNLABELED CIPSOv4
[    0.375122] NetLabel:  unlabeled traffic allowed by default
[    0.375840] amd_nb: Cannot enumerate AMD northbridges
[    0.376380] clocksource: Switched to clocksource kvm-clock
[    0.379792] AppArmor: AppArmor Filesystem Enabled
[    0.380321] pnp: PnP ACPI init
[    0.381072] pnp: PnP ACPI: found 3 devices
[    0.388372] clocksource: acpi_pm: mask: 0xffffff max_cycles: 0xffffff, max_idle_ns: 2085701024 ns
[    0.389630] NET: Registered protocol family 2
[    0.390313] TCP established hash table entries: 8192 (order: 4, 65536 bytes)
[    0.391206] TCP bind hash table entries: 8192 (order: 5, 131072 bytes)
[    0.391817] TCP: Hash tables configured (established 8192 bind 8192)
[    0.392470] UDP hash table entries: 512 (order: 2, 16384 bytes)
[    0.393054] UDP-Lite hash table entries: 512 (order: 2, 16384 bytes)
[    0.393673] NET: Registered protocol family 1
[    0.394140] pci 0000:00:00.0: Limiting direct PCI/PCI transfers
[    0.394728] pci 0000:00:01.0: Activating ISA DMA hang workarounds
[    0.395578] Unpacking initramfs...
[    0.522252] Freeing initrd memory: 14888K
[    0.522869] clocksource: tsc: mask: 0xffffffffffffffff max_cycles: 0x6aaab15555c, max_idle_ns: 881591112750 ns
[    0.523879] platform rtc_cmos: registered platform RTC device (no PNP device found)
[    0.524673] Scanning for low memory corruption every 60 seconds
[    0.525546] audit: initializing netlink subsys (disabled)
[    0.526136] audit: type=2000 audit(1643646748.827:1): initialized
[    0.526889] Initialise system trusted keyring
[    0.527480] HugeTLB registered 2 MB page size, pre-allocated 0 pages
[    0.528646] zbud: loaded
[    0.529132] VFS: Disk quotas dquot_6.6.0
[    0.529604] VFS: Dquot-cache hash table entries: 512 (order 0, 4096 bytes)
[    0.530365] squashfs: version 4.0 (2009/01/31) Phillip Lougher
[    0.531270] fuse init (API version 7.23)
[    0.531897] Key type big_key registered
[    0.532395] Allocating IMA MOK and blacklist keyrings.
[    0.533534] Key type asymmetric registered
[    0.533980] Asymmetric key parser 'x509' registered
[    0.534508] Block layer SCSI generic (bsg) driver version 0.4 loaded (major 249)
[    0.535331] io scheduler noop registered
[    0.535855] io scheduler deadline registered (default)
[    0.536391] io scheduler cfq registered
[    0.536870] pci_hotplug: PCI Hot Plug PCI Core version: 0.5
[    0.537462] pciehp: PCI Express Hot Plug Controller Driver version: 0.4
[    0.538185] ACPI: AC Adapter [AC] (on-line)
[    0.538667] input: Power Button as /devices/LNXSYSTM:00/LNXPWRBN:00/input/input0
[    0.539460] ACPI: Power Button [PWRF]
[    0.539896] input: Sleep Button as /devices/LNXSYSTM:00/LNXSLPBN:00/input/input1
[    0.540713] ACPI: Sleep Button [SLPF]
[    0.541226] GHES: HEST is not enabled!
[    0.541802] Serial: 8250/16550 driver, 32 ports, IRQ sharing enabled
[    0.562709] 00:02: ttyS0 at I/O 0x3f8 (irq = 4, base_baud = 115200) is a 16550A
[    0.564720] Linux agpgart interface v0.103
[    0.566085] loop: module loaded
[    0.566741] scsi host0: ata_piix
[    0.567192] scsi host1: ata_piix
[    0.567584] ata1: PATA max UDMA/33 cmd 0x1f0 ctl 0x3f6 bmdma 0xd000 irq 14
[    0.568214] ata2: PATA max UDMA/33 cmd 0x170 ctl 0x376 bmdma 0xd008 irq 15
[    0.568908] libphy: Fixed MDIO Bus: probed
[    0.569343] tun: Universal TUN/TAP device driver, 1.6
[    0.569855] tun: (C) 1999-2004 Max Krasnyansky <maxk@qualcomm.com>
[    0.570473] PPP generic driver version 2.4.2
[    0.570958] ehci_hcd: USB 2.0 'Enhanced' Host Controller (EHCI) Driver
[    0.572682] ehci-pci: EHCI PCI platform driver
[    0.573132] ehci-platform: EHCI generic platform driver
[    0.573697] ohci_hcd: USB 1.1 'Open' Host Controller (OHCI) Driver
[    0.574293] ohci-pci: OHCI PCI platform driver
[    0.574761] ohci-platform: OHCI generic platform driver
[    0.575298] uhci_hcd: USB Universal Host Controller Interface driver
[    0.575928] i8042: PNP: PS/2 Controller [PNP0303:PS2K,PNP0f03:PS2M] at 0x60,0x64 irq 1,12
[    0.577089] serio: i8042 KBD port at 0x60,0x64 irq 1
[    0.577711] serio: i8042 AUX port at 0x60,0x64 irq 12
[    0.578634] mousedev: PS/2 mouse device common for all mice
[    0.579442] input: AT Translated Set 2 keyboard as /devices/platform/i8042/serio0/input/input2
[    0.580611] rtc_cmos rtc_cmos: rtc core: registered rtc_cmos as rtc0
[    0.581259] rtc_cmos rtc_cmos: alarms up to one day, 114 bytes nvram
[    0.581812] i2c /dev entries driver
[    0.582200] device-mapper: uevent: version 1.0.3
[    0.582722] device-mapper: ioctl: 4.34.0-ioctl (2015-10-28) initialised: dm-devel@redhat.com
[    0.583820] ledtrig-cpu: registered to indicate activity on CPUs
[    0.584633] NET: Registered protocol family 10
[    0.585215] NET: Registered protocol family 17
[    0.585802] Key type dns_resolver registered
[    0.586430] registered taskstats version 1
[    0.586870] Loading compiled-in X.509 certificates
[    0.587681] Loaded X.509 cert 'Build time autogenerated kernel key: cf00e047681d67edb2720680708b7d9498083038'
[    0.588676] zswap: loaded using pool lzo/zbud
[    0.590001] Key type trusted registered
[    0.591773] Key type encrypted registered
[    0.592269] AppArmor: AppArmor sha1 policy hashing enabled
[    0.592806] ima: No TPM chip found, activating TPM-bypass!
[    0.593353] ima: Allocated hash algorithm: sha1
[    0.593840] evm: HMAC attrs: 0x1
[    0.594378]   Magic number: 6:474:541
[    0.594846] rtc_cmos rtc_cmos: setting system clock to 2022-01-31 16:32:24 UTC (1643646744)
[    0.595755] BIOS EDD facility v0.16 2004-Jun-25, 0 devices found
[    0.596400] EDD information not available.
[    0.747403] Freeing unused kernel memory: 1492K
[    0.747952] Write protecting the kernel read-only data: 14336k
[    0.748725] Freeing unused kernel memory: 1584K
[    0.749259] Freeing unused kernel memory: 52K
Loading, please wait...
starting version 229
[    0.755531] random: systemd-udevd: uninitialized urandom read (16 bytes read, 1 bits of entropy available)
[    0.755677] random: udevadm: uninitialized urandom read (16 bytes read, 1 bits of entropy available)
[    0.755685] random: udevadm: uninitialized urandom read (16 bytes read, 1 bits of entropy available)
[    0.758380] random: systemd-udevd: uninitialized urandom read (16 bytes read, 1 bits of entropy available)
[    0.759340] random: systemd-udevd: uninitialized urandom read (16 bytes read, 1 bits of entropy available)
[    0.759790] random: udevadm: uninitialized urandom read (16 bytes read, 1 bits of entropy available)
[    0.759810] random: udevadm: uninitialized urandom read (16 bytes read, 1 bits of entropy available)
[    0.759905] random: udevadm: uninitialized urandom read (16 bytes read, 1 bits of entropy available)
[    0.759927] random: udevadm: uninitialized urandom read (16 bytes read, 1 bits of entropy available)
[    0.759948] random: udevadm: uninitialized urandom read (16 bytes read, 1 bits of entropy available)
[    0.785211] e1000: Intel(R) PRO/1000 Network Driver - version 7.3.21-k8-NAPI
[    0.785927] e1000: Copyright (c) 1999-2006 Intel Corporation.
[    0.788897] Fusion MPT base driver 3.04.20
[    0.789349] Copyright (c) 1999-2008 LSI Corporation
[    0.791681] Fusion MPT SPI Host driver 3.04.20
[    0.796621] AVX2 version of gcm_enc/dec engaged.
[    0.797250] AES CTR mode by8 optimization enabled
[    0.994709] input: ImExPS/2 Generic Explorer Mouse as /devices/platform/i8042/serio1/input/input4
[    1.116329] e1000 0000:00:03.0 eth0: (PCI:33MHz:32-bit) 02:be:82:6b:cc:1d
[    1.117039] e1000 0000:00:03.0 eth0: Intel(R) PRO/1000 Network Connection
[    1.463496] e1000 0000:00:08.0 eth1: (PCI:33MHz:32-bit) 08:00:27:b8:44:41
[    1.464166] e1000 0000:00:08.0 eth1: Intel(R) PRO/1000 Network Connection
[    1.465548] e1000 0000:00:08.0 enp0s8: renamed from eth1
[    1.466155] mptbase: ioc0: Initiating bringup
[    1.477352] e1000 0000:00:03.0 enp0s3: renamed from eth0
[    1.784580] ioc0: LSI53C1030 A0: Capabilities={Initiator}
[    3.005514] scsi host2: ioc0: LSI53C1030 A0, FwRev=00000000h, Ports=1, MaxQ=256, IRQ=20
[    4.073006] scsi 2:0:0:0: Direct-Access     VBOX     HARDDISK         1.0  PQ: 0 ANSI: 5
[    4.079191] scsi target2:0:0: Beginning Domain Validation
[    4.090384] scsi target2:0:0: Domain Validation skipping write tests
[    4.091028] scsi target2:0:0: Ending Domain Validation
[    4.091605] scsi target2:0:0: asynchronous
[    4.092316] scsi 2:0:1:0: Direct-Access     VBOX     HARDDISK         1.0  PQ: 0 ANSI: 5
[    4.093175] scsi target2:0:1: Beginning Domain Validation
[    4.094102] scsi target2:0:1: Domain Validation skipping write tests
[    4.094723] scsi target2:0:1: Ending Domain Validation
[    4.095270] scsi target2:0:1: asynchronous
[    4.098631] sd 2:0:0:0: Attached scsi generic sg0 type 0
[    4.099179] sd 2:0:0:0: [sda] 83886080 512-byte logical blocks: (42.9 GB/40.0 GiB)
[    4.100083] sd 2:0:0:0: [sda] Write Protect is off
[    4.100637] sd 2:0:0:0: [sda] Incomplete mode parameter data
[    4.101209] sd 2:0:0:0: [sda] Assuming drive cache: write through
[    4.101795] sd 2:0:1:0: [sdb] 20480 512-byte logical blocks: (10.5 MB/10.0 MiB)
[    4.102714] sd 2:0:1:0: [sdb] Write Protect is off
[    4.103198] sd 2:0:1:0: Attached scsi generic sg1 type 0
[    4.103250] sd 2:0:1:0: [sdb] Incomplete mode parameter data
[    4.103251] sd 2:0:1:0: [sdb] Assuming drive cache: write through
[    4.104096]  sda: sda1
[    4.104502] sd 2:0:0:0: [sda] Attached SCSI disk
[    4.104860] sd 2:0:1:0: [sdb] Attached SCSI disk
Begin: Loading essential drivers ... [    5.311028] md: linear personality registered for level -1
[    5.312515] md: multipath personality registered for level -4
[    5.314584] md: raid0 personality registered for level 0
[    5.317348] md: raid1 personality registered for level 1
[    5.385119] raid6: sse2x1   gen()  8872 MB/s
[    5.453463] raid6: sse2x1   xor() 12012 MB/s
[    5.521808] raid6: sse2x2   gen() 15201 MB/s
[    5.589213] raid6: sse2x2   xor() 15817 MB/s
[    5.657563] raid6: sse2x4   gen() 22971 MB/s
[    5.726284] raid6: sse2x4   xor() 13211 MB/s
[    5.792689] raid6: avx2x1   gen() 19922 MB/s
[    5.862008] raid6: avx2x2   gen() 38862 MB/s
[    5.928936] raid6: avx2x4   gen() 37486 MB/s
[    5.929421] raid6: using algorithm avx2x2 gen() 38862 MB/s
[    5.929979] raid6: using avx2x2 recovery algorithm
[    5.931037] xor: automatically using best checksumming function:
[    5.969936]    avx       : 30212.000 MB/sec
[    5.971048] async_tx: api initialized (async)
[    5.975926] md: raid6 personality registered for level 6
[    5.976532] md: raid5 personality registered for level 5
[    5.977022] md: raid4 personality registered for level 4
[    5.980263] md: raid10 personality registered for level 10
done.
Begin: Running /scripts/init-premount ... done.
Begin: Mounting root file system ... Begin: Running /scripts/local-top ... done.
Begin: Running /scripts/local-premount ... [    5.996856] Btrfs loaded
Scanning for Btrfs filesystems
done.
Warning: fsck not present, so skipping root file system
[    6.010406] EXT4-fs (sda1): mounted filesystem with ordered data mode. Opts: (null)
done.
Begin: Running /scripts/local-bottom ... done.
Begin: Running /scripts/init-bottom ... done.
[    6.057723] systemd[1]: systemd 229 running in system mode. (+PAM +AUDIT +SELINUX +IMA +APPARMOR +SMACK +SYSVINIT +UTMP +LIBCRYPTSETUP +GCRYPT +GNUTLS +ACL +XZ -LZ4 +SECCOMP +BLKID +ELFUTILS +KMOD -IDN)
[    6.059465] systemd[1]: Detected virtualization oracle.
[    6.060115] systemd[1]: Detected architecture x86-64.

Welcome to [1mUbuntu 16.04.7 LTS[0m!

[    6.062007] systemd[1]: Set hostname to <ubuntu-xenial>.
[    6.130641] systemd[1]: Listening on Journal Audit Socket.
[[0;32m  OK  [0m] Listening on Journal Audit Socket.
[    6.131882] systemd[1]: Listening on Syslog Socket.
[[0;32m  OK  [0m] Listening on Syslog Socket.
[    6.132876] systemd[1]: Reached target System Time Synchronized.
[[0;32m  OK  [0m] Reached target System Time Synchronized.
[    6.133981] systemd[1]: Started Forward Password Requests to Wall Directory Watch.
[[0;32m  OK  [0m] Started Forward Password Requests to Wall Directory Watch.
[    6.135516] systemd[1]: Created slice User and Session Slice.
[[0;32m  OK  [0m] Created slice User and Session Slice.
[    6.136615] systemd[1]: Listening on LVM2 poll daemon socket.
[[0;32m  OK  [0m] Listening on LVM2 poll daemon socket.
[    6.137686] systemd[1]: Reached target Encrypted Volumes.
[[0;32m  OK  [0m] Reached target Encrypted Volumes.
[    6.138710] systemd[1]: Listening on udev Kernel Socket.
[[0;32m  OK  [0m] Listening on udev Kernel Socket.
[    6.145661] systemd[1]: Listening on udev Control Socket.
[[0;32m  OK  [0m] Listening on udev Control Socket.
[    6.149672] systemd[1]: Reached target Swap.
[[0;32m  OK  [0m] Reached target Swap.
[    6.151018] systemd[1]: Created slice System Slice.
[[0;32m  OK  [0m] Created slice System Slice.
[    6.152178] systemd[1]: Reached target Slices.
[[0;32m  OK  [0m] Reached target Slices.
[    6.153185] systemd[1]: Set up automount Arbitrary Executable File Formats File System Automount Point.
[[0;32m  OK  [0m] Set up automount Arbitrary Executab...ats File System Automount Point.
[    6.154875] systemd[1]: Created slice system-serial\x2dgetty.slice.
[[0;32m  OK  [0m] Created slice system-serial\x2dgetty.slice.
[    6.156055] systemd[1]: Listening on /dev/initctl Compatibility Named Pipe.
[[0;32m  OK  [0m] Listening on /dev/initctl Compatibility Named Pipe.
[    6.157272] systemd[1]: Listening on Journal Socket.
[[0;32m  OK  [0m] Listening on Journal Socket.
[    6.177032] systemd[1]: Starting Nameserver information manager...
         Starting Nameserver information manager...
[    6.179513] systemd[1]: Starting Load Kernel Modules...
         Starting Load Kernel Modules...
[    6.181516] systemd[1]: Mounting Debug File System...
         Mounting Debug File System...
[    6.183039] systemd[1]: Starting Uncomplicated firewall...
         Starting Uncomplicated firewall...
[    6.184913] systemd[1]: Starting Set console keymap...
         Starting Set console keymap...

    6.185775] Loading iSCSI transport class v2.0-870.
[    6.185839] systemd[1]: Listening on LVM2 metadata daemon socket.
[[0;32m  OK  [0m] Listening on LVM2 metadata daemon socket.
[    6.187653] systemd[1]: Mounting Huge Pages File System...
         Mounting Huge Pages File System...
[    6.188974] systemd[1]: Starting Create list of required static device nodes for the current kernel...
         Starting Create list of required st... nodes for the current kernel...
[    6.190769] systemd[1]: Reached target User and Group Name Lookups.
[[0;32m  OK  [0m] Reached target User and Group Name Lookups.
[    6.192326] systemd[1]: Mounting POSIX Message Queue File System...
         Mounting POSIX Message Queue File System...
[    6.193568] systemd[1]: Listening on Journal Socket (/dev/log).
[[0;32m  OK  [0m] Listening on Journal Socket (/dev/log).
[    6.195828] systemd[1]: Starting Journal Service...
         Starting Journal Service...
[    6.196923] systemd[1]: Listening on Device-mapper event daemon FIFOs.
[[0;32m  OK  [0m] Listening on Device-mapper event daemon FIFOs.
[    6.199016] iscsi: registered transport (tcp)
[    6.199801] systemd[1]: Starting Monitoring of LVM2 mirrors, snapshots etc. using dmeventd or progress polling...
         Starting Monitoring of LVM2 mirrors... dmeventd or progress polling...
[    6.201617] systemd[1]: Listening on fsck to fsckd communication Socket.
[[0;32m  OK  [0m] Listening on fsck to fsckd communication Socket.
[    6.203011] systemd[1]: Starting File System Check on Root Device...
         Starting File System Check on Root Device...
[    6.204075] systemd[1]: Started Trigger resolvconf update for networkd DNS.
[[0;32m  OK  [0m] Started Trigger resolvconf update for networkd DNS.
[    6.206630] systemd[1]: Mounted Huge Pages File System.
[[0;32m  OK  [0m] Mounted Huge Pages File System.
[    6.207678] systemd[1]: Mounted POSIX Message Queue File System.
[[0;32m  OK  [0m] Mounted POSIX Message Queue File System.
[    6.208740] systemd[1]: Mounted Debug File System.
[[0;32m  OK  [0m] Mounted Debug File System.
[    6.210650] systemd[1]: Started Uncomplicated firewall.
[[0;32m  OK  [0m] Started Uncomplicated firewall.
[    6.212555] systemd[1]: Started Create list of required static device nodes for the current kernel.
[[0;32m  OK  [0m] Started Create list of required sta...ce nodes for the current kernel.
[    6.215882] systemd[1]: Starting Create Static Device Nodes in /dev...
         Starting Create Static Device Nodes in /dev...
[    6.220485] systemd[1]: Started File System Check Daemon to report status.
[[0;32m  OK  [0m] Started File System Check Daemon to report status.
[    6.221837] systemd[1]: Started Nameserver information manager.
[[0;32m  OK  [0m] Started Nameserver information manager.
[    6.228546] systemd[1]: Started LVM2 metadata daemon.
[[0;32m  OK  [0m] Started LVM2 metadata daemon.
[    6.229909] systemd[1]: Started Set console keymap.
[[0;32m  OK  [0m] Started Set console keymap.
[    6.236162] systemd[1]: Started Create Static Device Nodes in /dev.
[[0;32m  OK  [0m] Started Create Static Device Nodes in /dev.
[    6.237545] systemd[1]: Started File System Check on Root Device.
[[0;32m  OK  [0m] Started File System Check on Root Device.
[    6.238851] systemd[1]: Starting Remount Root and Kernel File Systems...
         Starting Remount Root and Kernel File Systems...
[    6.240188] systemd[1]: Starting udev Kernel Device Manager...
         Starting udev Kernel Device Manager...
[    6.243288] EXT4-fs (sda1): re-mounted. Opts: (null)
[    6.245072] systemd[1]: Started Remount Root and Kernel File Systems.
[[0;32m  OK  [0m] Started Remount Root and Kernel File Systems.
[    6.246561] systemd[1]: Starting Load/Save Random Seed...
         Starting Load/Save Random Seed...
[    6.248376] systemd[1]: Starting udev Coldplug all Devices...
         Starting udev Coldplug all Devices...
[    6.249820] systemd[1]: Started Load/Save Random Seed.
[[0;32m  OK  [0m] Started Load/Save Random Seed.
[    6.253518] systemd[1]: Started Journal Service.
[[0;32m  OK  [0m] Started Journal Service.
         Starting Flush Journal to Persistent Storage...
[    6.258341] systemd-journald[406]: Received request to flush runtime journal from PID 1
[[0;32m  OK  [0m] Started Flush Journal to Persistent Storage.
[[0;32m  OK  [0m] Started udev Kernel Device Manager.
[[0;32m  OK  [0m] Started udev Coldplug all Devices.
[[0;32m  OK  [0m] Started Dispatch Password Requests to Console Directory Watch.
[    6.278799] iscsi: registered transport (iser)
[[0;32m  OK  [0m] Started Load Kernel Modules.
         Starting Apply Kernel Variables...
         Mounting FUSE Control File System...
[[0;32m  OK  [0m] Mounted FUSE Control File System.
[[0;32m  OK  [0m] Started Apply Kernel Variables.
[[0;32m  OK  [0m] Found device /dev/ttyS0.
[[0;32m  OK  [0m] Listening on Load/Save RF Kill Switch Status /dev/rfkill Watch.
[[0;32m  OK  [0m] Found device 82540EM Gigabit Ethern...r (PRO/1000 MT Desktop Adapter).
[[0;32m  OK  [0m] Started Monitoring of LVM2 mirrors,...ng dmeventd or progress polling.
[[0;32m  OK  [0m] Reached target Local File Systems (Pre).
[[0;32m  OK  [0m] Reached target Local File Systems.
         Starting Create Volatile Files and Directories...
         Starting Initial cloud-init job (pre-networking)...
         Starting LSB: AppArmor initialization...
         Starting Tell Plymouth To Write Out Runtime Data...
         Starting Set console font and keymap...
[[0;32m  OK  [0m] Started Create Volatile Files and Directories.
         Starting Update UTMP about System Boot/Shutdown...
[[0;32m  OK  [0m] Started Tell Plymouth To Write Out Runtime Data.
[[0;32m  OK  [0m] Started Update UTMP about System Boot/Shutdown.
[[0;32m  OK  [0m] Started LSB: AppArmor initialization.
         Starting Load AppArmor profiles managed internally by snapd...
[[0;32m  OK  [0m] Started Load AppArmor profiles managed internally by snapd.
[[0;32m  OK  [0m] Started Set console font and keymap.
[[0;32m  OK  [0m] Created slice system-getty.slice.
[    6.984834] cloud-init[647]: Cloud-init v. 21.1-19-gbad84ad4-0ubuntu1~16.04.2 running 'init-local' at Mon, 31 Jan 2022 16:32:30 +0000. Up 6.86 seconds.
[[0;32m  OK  [0m] Started Initial cloud-init job (pre-networking).
[[0;32m  OK  [0m] Reached target Network (Pre).
         Starting Raise network interfaces...
[[0;32m  OK  [0m] Started ifup for enp0s3.
[[0;32m  OK  [0m] Started Raise network interfaces.
[[0;32m  OK  [0m] Reached target Network.
         Starting Initial cloud-init job (metadata service crawler)...
[    7.338095] cloud-init[1003]: Cloud-init v. 21.1-19-gbad84ad4-0ubuntu1~16.04.2 running 'init' at Mon, 31 Jan 2022 16:32:31 +0000. Up 7.22 seconds.
[    7.339115] cloud-init[1003]: ci-info: ++++++++++++++++++++++++++++++++++++++Net device info+++++++++++++++++++++++++++++++++++++++
[    7.339968] cloud-init[1003]: ci-info: +--------+-------+----------------------------+---------------+--------+-------------------+
[    7.340845] cloud-init[1003]: ci-info: | Device |   Up  |          Address           |      Mask     | Scope  |     Hw-Address    |
[    7.341726] cloud-init[1003]: ci-info: +--------+-------+----------------------------+---------------+--------+-------------------+
[    7.342649] cloud-init[1003]: ci-info: | enp0s3 |  True |         10.0.2.15          | 255.255.255.0 | global | 02:be:82:6b:cc:1d |
[    7.343693] cloud-init[1003]: ci-info: | enp0s3 |  True | fe80::be:82ff:fe6b:cc1d/64 |       .       |  link  | 02:be:82:6b:cc:1d |
[    7.344542] cloud-init[1003]: ci-info: | enp0s8 | False |             .              |       .       |   .    | 08:00:27:b8:44:41 |
[    7.345407] cloud-init[1003]: ci-info: |   lo   |  True |         127.0.0.1          |   255.0.0.0   |  host  |         .         |
[    7.346215] cloud-init[1003]: ci-info: |   lo   |  True |          ::1/128           |       .       |  host  |         .         |
[    7.347034] cloud-init[1003]: ci-info: +--------+-------+----------------------------+---------------+--------+-------------------+
[    7.347912] cloud-init[1003]: ci-info: +++++++++++++++++++++++++++Route IPv4 info++++++++++++++++++++++++++++
[    7.348714] cloud-init[1003]: ci-info: +-------+-------------+----------+---------------+-----------+-------+
[    7.349432] cloud-init[1003]: ci-info: | Route | Destination | Gateway  |    Genmask    | Interface | Flags |
[    7.350242] cloud-init[1003]: ci-info: +-------+-------------+----------+---------------+-----------+-------+
[    7.351034] cloud-init[1003]: ci-info: |   0   |   0.0.0.0   | 10.0.2.2 |    0.0.0.0    |   enp0s3  |   UG  |
[    7.351781] cloud-init[1003]: ci-info: |   1   |   10.0.2.0  | 0.0.0.0  | 255.255.255.0 |   enp0s3  |   U   |
[    7.352511] cloud-init[1003]: ci-info: +-------+-------------+----------+---------------+-----------+-------+
[    7.353247] cloud-init[1003]: ci-info: +++++++++++++++++++Route IPv6 info+++++++++++++++++++
[    7.353927] cloud-init[1003]: ci-info: +-------+-------------+---------+-----------+-------+
[    7.354607] cloud-init[1003]: ci-info: | Route | Destination | Gateway | Interface | Flags |
[    7.355286] cloud-init[1003]: ci-info: +-------+-------------+---------+-----------+-------+
[    7.355985] cloud-init[1003]: ci-info: |   0   |  fe80::/64  |    ::   |   enp0s3  |   U   |
[    7.356882] cloud-init[1003]: ci-info: |   3   |   ff00::/8  |    ::   |   enp0s3  |   U   |
[    7.357610] cloud-init[1003]: ci-info: +-------+-------------+---------+-----------+-------+
[[0;32m  OK  [0m] Started Initial cloud-init job (metadata service crawler).
[[0;32m  OK  [0m] Reached target Cloud-config availability.
[[0;32m  OK  [0m] Reached target Network is Online.
         Starting iSCSI initiator daemon (iscsid)...
[[0;32m  OK  [0m] Reached target System Initialization.
[[0;32m  OK  [0m] Started Ubuntu Advantage Timer for running repeated jobs.
[[0;32m  OK  [0m] Started ACPI Events Check.
         Starting Socket activation for snappy daemon.
[[0;32m  OK  [0m] Started Message of the Day.
         Starting LXD - unix socket.
[[0;32m  OK  [0m] Started Daily Cleanup of Temporary Directories.
[[0;32m  OK  [0m] Started Trigger to poll for Ubuntu ...nly enabled on GCP LTS non-pro).
[[0;32m  OK  [0m] Reached target Paths.
[[0;32m  OK  [0m] Listening on UUID daemon activation socket.
[[0;32m  OK  [0m] Listening on ACPID Listen Socket.
[[0;32m  OK  [0m] Started Daily apt download activities.
[[0;32m  OK  [0m] Started Daily apt upgrade and clean activities.
[[0;32m  OK  [0m] Reached target Timers.
[[0;32m  OK  [0m] Listening on D-Bus System Message Bus Socket.
[[0;32m  OK  [0m] Listening on Socket activation for snappy daemon.
[[0;32m  OK  [0m] Listening on LXD - unix socket.
[[0;32m  OK  [0m] Reached target Sockets.
[[0;32m  OK  [0m] Reached target Basic System.
         Starting LSB: MD monitoring daemon...
[[0;32m  OK  [0m] Started D-Bus System Message Bus.
         Starting LXD - container startup/shutdown...
         Starting Login Service...
         Starting Accounts Service...
         Starting Virtualbox guest utils...
         Starting A high performance web server and a reverse proxy server...
[[0;32m  OK  [0m] Started Regular background program processing daemon.
         Starting System Logging Service...
         Starting /etc/rc.local Compatibility...
[[0;32m  OK  [0m] Started ACPI event daemon.
         Starting LSB: Record successful boot for GRUB...
[[0;32m  OK  [0m] Started FUSE filesystem for LXC.
[[0;32m  OK  [0m] Started Deferred execution scheduler.
         Starting Snap Daemon...
         Starting OpenBSD Secure Shell server...
[[0;32m  OK  [0m] Started iSCSI initiator daemon (iscsid).
[[0;32m  OK  [0m] Started /etc/rc.local Compatibility.
         Starting Login to default iSCSI targets...
[[0;32m  OK  [0m] Started Login Service.
[[0;32m  OK  [0m] Started Unattended Upgrades Shutdown.
[[0;32m  OK  [0m] Started LSB: MD monitoring daemon.
[[0;32m  OK  [0m] Started System Logging Service.
[[0;32m  OK  [0m] Started Login to default iSCSI targets.
[[0;32m  OK  [0m] Reached target Remote File Systems (Pre).
         Mounting /vagrant...
[[0;1;31mFAILED[0m] Failed to mount /vagrant.
See 'systemctl status vagrant.mount' for details.
[[0;1;33mDEPEND[0m] Dependency failed for Remote File Systems.
[[0;32m  OK  [0m] Started LSB: Record successful boot for GRUB.
         Starting Authenticate and Authorize Users to Run Privileged Tasks...
         Starting LSB: daemon to balance interrupts for SMP systems...
         Starting LSB: Set the CPU Frequency Scaling governor to "ondemand"...
         Starting LSB: automatic crash report generation...
         Starting Permit User Sessions...
[[0;32m  OK  [0m] Started A high performance web server and a reverse proxy server.
[[0;32m  OK  [0m] Started Permit User Sessions.
         Starting Terminate Plymouth Boot Screen...
         Starting Hold until boot process finishes up...
[[0;32m  OK  [0m] Started OpenBSD Secure Shell server.
[[0;32m  OK  [0m] Started Hold until boot process finishes up.
[[0;32m  OK  [0m] Started Getty on tty1.
         Starting Set console scheme...
[[0;32m  OK  [0m] Started Serial Getty on ttyS0.
[[0;32m  OK  [0m] Reached target Login Prompts.
[[0;32m  OK  [0m] Started Terminate Plymouth Boot Screen.
[[0;32m  OK  [0m] Started Virtualbox guest utils.
[[0;32m  OK  [0m] Started LSB: daemon to balance interrupts for SMP systems.
[[0;32m  OK  [0m] Started LSB: automatic crash report generation.
[[0;32m  OK  [0m] Started Set console scheme.
[[0;32m  OK  [0m] Started LSB: Set the CPU Frequency Scaling governor to "ondemand".
[[0;32m  OK  [0m] Started Authenticate and Authorize Users to Run Privileged Tasks.
[[0;32m  OK  [0m] Started Accounts Service.
[[0;32m  OK  [0m] Started LXD - container startup/shutdown.
[[0;32m  OK  [0m] Started Snap Daemon.
         Starting Wait until snapd is fully seeded...
[[0;32m  OK  [0m] Started Wait until snapd is fully seeded.
         Starting Apply the settings specified in cloud-config...
[[0;32m  OK  [0m] Reached target Multi-User System.
[[0;32m  OK  [0m] Reached target Graphical Interface.
         Starting Update UTMP about System Runlevel Changes...
[[0;32m  OK  [0m] Started Update UTMP about System Runlevel Changes.
[    7.801859] cloud-init[1259]: Cloud-init v. 21.1-19-gbad84ad4-0ubuntu1~16.04.2 running 'modules:config' at Mon, 31 Jan 2022 16:32:31 +0000. Up 7.75 seconds.
[[0;32m  OK  [0m] Started Apply the settings specified in cloud-config.
         Starting Execute cloud user/final scripts...
[    8.027867] cloud-init[1271]: Cloud-init v. 21.1-19-gbad84ad4-0ubuntu1~16.04.2 running 'modules:final' at Mon, 31 Jan 2022 16:32:31 +0000. Up 7.97 seconds.
[    8.028780] cloud-init[1271]: Cloud-init v. 21.1-19-gbad84ad4-0ubuntu1~16.04.2 finished at Mon, 31 Jan 2022 16:32:32 +0000. Datasource DataSourceNoCloud [seed=/dev/sdb][dsmode=net].  Up 8.02 seconds
[[0;32m  OK  [0m] Started Execute cloud user/final scripts.
[[0;32m  OK  [0m] Reached target Cloud-init target.

Ubuntu 16.04.7 LTS ubuntu-xenial ttyS0

ubuntu-xenial login: 